[debug] [2020-07-03T02:29:56.473Z] ----------------------------------------------------------------------
[debug] [2020-07-03T02:29:56.475Z] Command:       C:\Program Files\nodejs\node.exe C:\Users\whdtl\AppData\Roaming\npm\node_modules\firebase-tools\lib\bin\firebase.js deploy
[debug] [2020-07-03T02:29:56.476Z] CLI Version:   8.4.3
[debug] [2020-07-03T02:29:56.476Z] Platform:      win32
[debug] [2020-07-03T02:29:56.476Z] Node Version:  v10.15.3
[debug] [2020-07-03T02:29:56.479Z] Time:          Fri Jul 03 2020 11:29:56 GMT+0900 (GMT+09:00)
[debug] [2020-07-03T02:29:56.479Z] ----------------------------------------------------------------------
[debug] [2020-07-03T02:29:56.479Z] 
[debug] [2020-07-03T02:29:56.494Z] > command requires scopes: ["email","openid","https://www.googleapis.com/auth/cloudplatformprojects.readonly","https://www.googleapis.com/auth/firebase","https://www.googleapis.com/auth/cloud-platform"]
[debug] [2020-07-03T02:29:56.495Z] > authorizing via signed-in user
[debug] [2020-07-03T02:29:56.495Z] [iam] checking project jsim-new-portfolio for permissions ["firebase.projects.get","firebasehosting.sites.update"]
[debug] [2020-07-03T02:29:56.501Z] >>> HTTP REQUEST POST https://cloudresourcemanager.googleapis.com/v1/projects/jsim-new-portfolio:testIamPermissions  
 {"permissions":["firebase.projects.get","firebasehosting.sites.update"]}
[debug] [2020-07-03T02:29:57.691Z] <<< HTTP RESPONSE 200 {"content-type":"application/json; charset=UTF-8","vary":"X-Origin, Referer, Origin,Accept-Encoding","date":"Fri, 03 Jul 2020 02:29:56 GMT","server":"ESF","cache-control":"private","x-xss-protection":"0","x-frame-options":"SAMEORIGIN","x-content-type-options":"nosniff","server-timing":"gfet4t7; dur=831","alt-svc":"h3-29=\":443\"; ma=2592000,h3-27=\":443\"; ma=2592000,h3-25=\":443\"; ma=2592000,h3-T050=\":443\"; ma=2592000,h3-Q050=\":443\"; ma=2592000,h3-Q046=\":443\"; ma=2592000,h3-Q043=\":443\"; ma=2592000,quic=\":443\"; ma=2592000; v=\"46,43\"","accept-ranges":"none","transfer-encoding":"chunked"}
[debug] [2020-07-03T02:29:57.693Z] >>> HTTP REQUEST GET https://firebase.googleapis.com/v1beta1/projects/jsim-new-portfolio  
 
[debug] [2020-07-03T02:29:58.645Z] <<< HTTP RESPONSE 200 {"content-type":"application/json; charset=UTF-8","vary":"X-Origin, Referer, Origin,Accept-Encoding","date":"Fri, 03 Jul 2020 02:29:57 GMT","server":"ESF","cache-control":"private","x-xss-protection":"0","x-frame-options":"SAMEORIGIN","x-content-type-options":"nosniff","alt-svc":"h3-29=\":443\"; ma=2592000,h3-27=\":443\"; ma=2592000,h3-25=\":443\"; ma=2592000,h3-T050=\":443\"; ma=2592000,h3-Q050=\":443\"; ma=2592000,h3-Q046=\":443\"; ma=2592000,h3-Q043=\":443\"; ma=2592000,quic=\":443\"; ma=2592000; v=\"46,43\"","accept-ranges":"none","transfer-encoding":"chunked"}
[info] 
[info] === Deploying to 'jsim-new-portfolio'...
[info] 
[info] i  deploying hosting 
[debug] [2020-07-03T02:29:58.652Z] >>> HTTP REQUEST POST https://firebasehosting.googleapis.com/v1beta1/sites/jsim-new-portfolio/versions  
 {"config":{"rewrites":[{"glob":"**","path":"/index.html"}]},"labels":{"deployment-tool":"cli-firebase"}}
[debug] [2020-07-03T02:30:00.506Z] <<< HTTP RESPONSE 200 {"content-type":"application/json; charset=UTF-8","vary":"X-Origin, Referer, Origin,Accept-Encoding","date":"Fri, 03 Jul 2020 02:29:59 GMT","server":"ESF","cache-control":"private","x-xss-protection":"0","x-frame-options":"SAMEORIGIN","x-content-type-options":"nosniff","alt-svc":"h3-27=\":443\"; ma=2592000,h3-25=\":443\"; ma=2592000,h3-T050=\":443\"; ma=2592000,h3-Q050=\":443\"; ma=2592000,h3-Q046=\":443\"; ma=2592000,h3-Q043=\":443\"; ma=2592000,quic=\":443\"; ma=2592000; v=\"46,43\"","accept-ranges":"none","transfer-encoding":"chunked"}
